[2026-05-20 15:28:55.318315] User admin@gmail.com logged in
[2026-05-20 15:29:12.024558] User 9 logged out
[2026-05-22 12:01:41.940916] User admin@gmail.com logged in
[2026-05-22 12:01:49.859749] User with role 9 logged out
[2026-05-22 12:02:11.495567] User praj@gmail.com logged in
[2026-05-22 12:02:29.520357] User chakri@gmail.com logged in
[2026-05-22 12:02:34.288562] User chakri@gmail.com logged in
[2026-05-22 12:04:25.208083] User praj@gmail.com logged in
[2026-05-22 12:04:36.830120] User chakri@gmail.com logged in
[2026-05-22 12:04:49.606871] User naveen@gmail.com logged in
[2026-05-22 12:05:03.907293] User naveen@gmail.com logged in
[2026-05-22 12:05:10.710428] User naveen@gmail.com logged in
[2026-05-22 12:05:32.606958] User chakri@gmail.com logged in
[2026-05-22 12:11:24.180199] User naveen@gmail.com logged in
[2026-05-22 12:11:38.476523] User chakri@gmail.com logged in
[2026-05-22 12:13:18.649503] User praj@gmail.com logged in
[2026-05-22 12:39:26.268576] User praj@gmail.com logged in
[2026-05-22 12:43:18.376893] User chakri@gmail.com logged in
[2026-05-22 12:48:38.100354] User chakri@gmail.com logged in
[2026-05-22 12:48:56.980050] User chakri@gmail.com logged in
[2026-05-22 12:57:51.350952] User praj@gmail.com logged in
[2026-05-22 12:57:51.350952] User praj@gmail.com logged in
[2026-05-22 12:58:17.002361] User with role 4 logged out
[2026-05-22 14:24:21.218157] User admin@gmail.com logged in
[2026-05-22 14:39:05.199096] User admin@gmail.com logged in
[2026-05-22 14:39:07.506414] User admin@gmail.com logged out
[2026-05-22 14:39:16.876667] User chakri@gmail.com logged in
[2026-05-22 14:39:21.621769] User chakri@gmail.com logged out
[2026-05-22 15:15:09.949225] User chakri@gmail.com logged in
[2026-05-22 15:23:27.984180] User chakri@gmail.com logged out
[2026-05-22 15:23:46.444559] User chakri@gmail.com logged in
[2026-05-22 15:45:05.783371] User chakri@gmail.com logged out
[2026-05-22 15:45:19.742237] User praj@gmail.com logged in
[2026-05-22 15:45:24.955817] User praj@gmail.com logged out
[2026-05-22 15:45:39.706717] User admin@gmail.com logged in
[2026-05-22 15:45:42.720297] User admin@gmail.com logged out
[2026-05-22 15:52:34.902452] User naveen@gmail.com logged in
[2026-05-22 15:53:49.812709] User naveen@gmail.com logged out
